<?xml version="1.0" encoding="UTF-8"?>
<testsuite xmlns:xsi="http://www.w3.org/2001/XMLSchema-instance" xsi:noNamespaceSchemaLocation="https://maven.apache.org/surefire/maven-surefire-plugin/xsd/surefire-test-report-3.0.xsd" version="3.0" name="TestSuite" time="24.772" tests="1" errors="0" skipped="0" failures="0">
  <properties>
[...]
</properties>
  <testcase name="runScenario[&quot;User uploads resume successfully&quot;, &quot;Upload Resume on Naukri&quot;](1)" classname="Runner.TestRunner" time="23.502">
    <system-out><![CDATA[
Scenario: User uploads resume successfully        &amp#27;[90m# src/test/resources/features/UploadResume.feature:3&amp#27;[0m
  &amp#27;[32mGiven &amp#27;[0m&amp#27;[32mUser is on Naukri login page&amp#27;[0m              &amp#27;[90m# stepDefinition.UploadResumeSteps.user_is_on_naukri_login_page()&amp#27;[0m
  &amp#27;[32mWhen &amp#27;[0m&amp#27;[32mUser logs in with valid credentials&amp#27;[0m        &amp#27;[90m# stepDefinition.UploadResumeSteps.user_logs_in_with_valid_credentials()&amp#27;[0m
  &amp#27;[32mAnd &amp#27;[0m&amp#27;[32mUser navigates to the resume upload section&amp#27;[0m &amp#27;[90m# stepDefinition.UploadResumeSteps.user_navigates_to_the_resume_upload_section()&amp#27;[0m
  &amp#27;[32mAnd &amp#27;[0m&amp#27;[32mUser uploads the resume file&amp#27;[0m                &amp#27;[90m# stepDefinition.UploadResumeSteps.user_uploads_the_resume_file()&amp#27;[0m
Resume uploaded successfully!
  &amp#27;[32mThen &amp#27;[0m&amp#27;[32mResume should be uploaded successfully&amp#27;[0m     &amp#27;[90m# stepDefinition.UploadResumeSteps.resume_should_be_uploaded_successfully()&amp#27;[0m
]]></system-out>
    <system-err><![CDATA[SLF4J: Failed to load class "org.slf4j.impl.StaticLoggerBinder".
SLF4J: Defaulting to no-operation (NOP) logger implementation
SLF4J: See http://www.slf4j.org/codes.html#StaticLoggerBinder for further details.
Mar 07, 2025 11:50:32 PM org.openqa.selenium.devtools.CdpVersionFinder findNearestMatch
WARNING: Unable to find an exact match for CDP version 133, returning the closest version; found: 130; Please update to a Selenium version that supports CDP version 133
]]></system-err>
  </testcase>
</testsuite>